<?xml version="1.0" encoding="UTF-8"?>
<!-- Generated by org.testng.reporters.JUnitReportReporter -->
<testsuite hostname="WKWIN6219675" failures="0" tests="3" name="com.newtours.tests.BookFlightTest" time="31.839" errors="0" timestamp="2022-06-01T09:16:38 IST" skipped="0">
  <testcase classname="com.newtours.tests.BookFlightTest" name="flightDetailsPage" time="11.386"/>
  <system-out/>
  <testcase classname="com.newtours.tests.BookFlightTest" name="registrationPage" time="13.732"/>
  <system-out/>
  <testcase classname="com.newtours.tests.BookFlightTest" name="registrationConfirmationPage" time="6.721"/>
  <system-out/>
</testsuite> <!-- com.newtours.tests.BookFlightTest -->
