<?xml version="1.0" encoding="UTF-8"?>
<!-- Generated by org.testng.reporters.JUnitReportReporter -->
<testsuite hostname="WKWIN6219675" failures="0" tests="3" name="com.newtours.tests.BookFlightTest" time="32.057" errors="0" timestamp="2022-06-01T11:16:08 IST" skipped="0">
  <testcase classname="com.newtours.tests.BookFlightTest" name="registrationConfirmationPage" time="5.833"/>
  <system-out/>
  <testcase classname="com.newtours.tests.BookFlightTest" name="flightDetailsPage" time="11.828"/>
  <system-out/>
  <testcase classname="com.newtours.tests.BookFlightTest" name="registrationPage" time="14.396"/>
  <system-out/>
</testsuite> <!-- com.newtours.tests.BookFlightTest -->
